<?xml version="1.0" encoding="UTF-8"?>
<!-- Generated by org.testng.reporters.JUnitReportReporter -->
<testsuite skipped="0" hostname="LAPTOP-91C2J4K6" name="a01_annotationTest.GroupAnntationTest" tests="2" failures="0" timestamp="07 Jul 2022 13:37:44 GMT" time="0.008" errors="0">
  <testcase name="Test2" time="0.002" classname="a01_annotationTest.GroupAnntationTest"/>
  <testcase name="Test1" time="0.006" classname="a01_annotationTest.GroupAnntationTest"/>
</testsuite> <!-- a01_annotationTest.GroupAnntationTest -->
