<?xml version="1.0" encoding="UTF-8"?>
<!-- Generated by org.testng.reporters.JUnitReportReporter -->
<testsuite skipped="0" hostname="LAPTOP-91C2J4K6" name="a02_keywordTest.ExceptionTest" tests="1" failures="0" timestamp="07 Jul 2022 13:41:39 GMT" time="0.013" errors="0">
  <testcase name="myTest" time="0.013" classname="a02_keywordTest.ExceptionTest"/>
</testsuite> <!-- a02_keywordTest.ExceptionTest -->
