<?xml version="1.0" encoding="UTF-8"?>
<!-- Generated by org.testng.reporters.JUnitReportReporter -->
<testsuite skipped="1" hostname="LAPTOP-91C2J4K6" name="a02_keywordTest.SkipTest" tests="4" failures="0" timestamp="15 Jun 2022 04:23:49 GMT" time="0.017" errors="0">
  <testcase name="registerTest" time="0.011" classname="a02_keywordTest.SkipTest"/>
  <testcase name="loginTest" time="0.003" classname="a02_keywordTest.SkipTest"/>
  <testcase name="placeOrder" time="0.003" classname="a02_keywordTest.SkipTest"/>
  <testcase name="addToCartTest" classname="a02_keywordTest.SkipTest">
    <skipped/>
  </testcase> <!-- addToCartTest -->
</testsuite> <!-- a02_keywordTest.SkipTest -->
