<?xml version="1.0" encoding="UTF-8"?>
<!-- Generated by org.testng.reporters.JUnitReportReporter -->
<testsuite skipped="0" hostname="LAPTOP-91C2J4K6" name="a02_keywordTest.DataProviderTest" tests="2" failures="0" timestamp="17 Jun 2022 04:08:13 GMT" time="22.397" errors="0">
  <testcase name="login" time="15.135" classname="a02_keywordTest.DataProviderTest"/>
  <testcase name="login" time="7.262" classname="a02_keywordTest.DataProviderTest"/>
</testsuite> <!-- a02_keywordTest.DataProviderTest -->
