<?xml version="1.0" encoding="UTF-8"?>
<!-- Generated by org.testng.reporters.JUnitReportReporter -->
<testsuite skipped="0" hostname="LAPTOP-91C2J4K6" name="a02_keywordTest.ParameterTest" tests="1" failures="0" timestamp="16 Jun 2022 04:37:51 GMT" time="17.906" errors="0">
  <testcase name="login" time="17.906" classname="a02_keywordTest.ParameterTest"/>
</testsuite> <!-- a02_keywordTest.ParameterTest -->
