<?xml version="1.0" encoding="UTF-8"?>
<!-- Generated by org.testng.reporters.JUnitReportReporter -->
<testsuite skipped="0" hostname="LAPTOP-91C2J4K6" name="a02_keywordTest.InvocationTest" tests="6" failures="0" timestamp="07 Jul 2022 13:42:52 GMT" time="0.044" errors="0">
  <testcase name="myTest" time="0.014" classname="a02_keywordTest.InvocationTest"/>
  <testcase name="myTest" time="0.002" classname="a02_keywordTest.InvocationTest"/>
  <testcase name="myTest" time="0.005" classname="a02_keywordTest.InvocationTest"/>
  <testcase name="myTest" time="0.005" classname="a02_keywordTest.InvocationTest"/>
  <testcase name="myTest" time="0.003" classname="a02_keywordTest.InvocationTest"/>
  <testcase name="myTest" time="0.015" classname="a02_keywordTest.InvocationTest"/>
</testsuite> <!-- a02_keywordTest.InvocationTest -->
