<?xml version="1.0" encoding="UTF-8"?>
<!-- Generated by org.testng.reporters.JUnitReportReporter -->
<testsuite skipped="0" hostname="LAPTOP-91C2J4K6" name="a02_keywordTest.GroupsTest" tests="2" failures="0" timestamp="15 Jun 2022 04:58:52 GMT" time="0.006" errors="0">
  <testcase name="Test2" time="0.001" classname="a02_keywordTest.GroupsTest"/>
  <testcase name="Test1" time="0.005" classname="a02_keywordTest.GroupsTest"/>
</testsuite> <!-- a02_keywordTest.GroupsTest -->
