<?xml version="1.0" encoding="UTF-8"?>
<!-- Generated by org.testng.reporters.JUnitReportReporter -->
<testsuite skipped="0" hostname="LAPTOP-91C2J4K6" name="a01_annotationTest.AnnotationTest" tests="3" failures="0" timestamp="07 Jul 2022 13:32:19 GMT" time="0.013" errors="0">
  <testcase name="loginTest" time="0.002" classname="a01_annotationTest.AnnotationTest"/>
  <testcase name="addToCartTest" time="0.008" classname="a01_annotationTest.AnnotationTest"/>
  <testcase name="registerTest" time="0.003" classname="a01_annotationTest.AnnotationTest"/>
</testsuite> <!-- a01_annotationTest.AnnotationTest -->
