<?xml version="1.0" encoding="UTF-8"?>
<!-- Generated by org.testng.reporters.JUnitReportReporter -->
<testsuite skipped="0" hostname="LAPTOP-91C2J4K6" name="a04_ParallelTest.CrossBrowserTest" tests="2" failures="0" timestamp="20 Jun 2022 04:40:07 GMT" time="16.491" errors="0">
  <testcase name="login" time="8.676" classname="a04_ParallelTest.CrossBrowserTest"/>
  <testcase name="login" time="7.815" classname="a04_ParallelTest.CrossBrowserTest"/>
</testsuite> <!-- a04_ParallelTest.CrossBrowserTest -->
