<?xml version="1.0" encoding="UTF-8"?>
<!-- Generated by org.testng.reporters.JUnitReportReporter -->
<testsuite skipped="0" hostname="LAPTOP-91C2J4K6" name="a02_keywordTest.PriorityTest" tests="4" failures="0" timestamp="07 Jul 2022 13:44:15 GMT" time="0.015" errors="0">
  <testcase name="registerTest" time="0.011" classname="a02_keywordTest.PriorityTest"/>
  <testcase name="loginTest" time="0.001" classname="a02_keywordTest.PriorityTest"/>
  <testcase name="addToCartTest" time="0.001" classname="a02_keywordTest.PriorityTest"/>
  <testcase name="placeOrder" time="0.002" classname="a02_keywordTest.PriorityTest"/>
</testsuite> <!-- a02_keywordTest.PriorityTest -->
