<?xml version="1.0" encoding="UTF-8"?>
<!-- Generated by org.testng.reporters.JUnitReportReporter -->
<testsuite skipped="0" hostname="LAPTOP-91C2J4K6" name="a02_keywordTest.InvocationTimeOutTest" tests="3" failures="0" timestamp="07 Jul 2022 13:43:20 GMT" time="5.042" errors="2">
  <testcase name="myTest" time="2.031" classname="a02_keywordTest.InvocationTimeOutTest">
    <error type="org.testng.internal.thread.ThreadTimeoutException" message="Method a02_keywordTest.InvocationTimeOutTest.myTest() didn&#039;t finish within the time-out 2000">
      <![CDATA[org.testng.internal.thread.ThreadTimeoutException: Method a02_keywordTest.InvocationTimeOutTest.myTest() didn't finish within the time-out 2000
at org.testng.internal.InvokeMethodRunnable.run(InvokeMethodRunnable.java:40)
at java.util.concurrent.Executors$RunnableAdapter.call(Executors.java:511)
at java.util.concurrent.FutureTask.run(FutureTask.java:266)
at java.util.concurrent.ThreadPoolExecutor.runWorker(ThreadPoolExecutor.java:1149)
at java.util.concurrent.ThreadPoolExecutor$Worker.run(ThreadPoolExecutor.java:624)
at java.lang.Thread.run(Thread.java:748)
]]>
    </error>
  </testcase> <!-- myTest -->
  <testcase name="myTest1" time="2.009" classname="a02_keywordTest.InvocationTimeOutTest">
    <error type="org.testng.internal.thread.ThreadTimeoutException" message="Method a02_keywordTest.InvocationTimeOutTest.myTest1() didn&#039;t finish within the time-out 2000">
      <![CDATA[org.testng.internal.thread.ThreadTimeoutException: Method a02_keywordTest.InvocationTimeOutTest.myTest1() didn't finish within the time-out 2000
at java.io.FileOutputStream.writeBytes(Native Method)
at java.io.FileOutputStream.write(FileOutputStream.java:326)
at java.io.BufferedOutputStream.flushBuffer(BufferedOutputStream.java:82)
at java.io.BufferedOutputStream.flush(BufferedOutputStream.java:140)
at java.io.PrintStream.write(PrintStream.java:482)
at sun.nio.cs.StreamEncoder.writeBytes(StreamEncoder.java:221)
at sun.nio.cs.StreamEncoder.implFlushBuffer(StreamEncoder.java:291)
at sun.nio.cs.StreamEncoder.flushBuffer(StreamEncoder.java:104)
at java.io.OutputStreamWriter.flushBuffer(OutputStreamWriter.java:185)
at java.io.PrintStream.newLine(PrintStream.java:546)
at java.io.PrintStream.println(PrintStream.java:807)
at a02_keywordTest.InvocationTimeOutTest.myTest1(InvocationTimeOutTest.java:16)
at sun.reflect.NativeMethodAccessorImpl.invoke0(Native Method)
at sun.reflect.NativeMethodAccessorImpl.invoke(NativeMethodAccessorImpl.java:62)
at sun.reflect.DelegatingMethodAccessorImpl.invoke(DelegatingMethodAccessorImpl.java:43)
at java.lang.reflect.Method.invoke(Method.java:498)
at org.testng.internal.MethodInvocationHelper.invokeMethod(MethodInvocationHelper.java:124)
at org.testng.internal.InvokeMethodRunnable.runOne(InvokeMethodRunnable.java:54)
at org.testng.internal.InvokeMethodRunnable.run(InvokeMethodRunnable.java:40)
at java.util.concurrent.Executors$RunnableAdapter.call(Executors.java:511)
at java.util.concurrent.FutureTask.run(FutureTask.java:266)
at java.util.concurrent.ThreadPoolExecutor.runWorker(ThreadPoolExecutor.java:1149)
at java.util.concurrent.ThreadPoolExecutor$Worker.run(ThreadPoolExecutor.java:624)
at java.lang.Thread.run(Thread.java:748)
]]>
    </error>
  </testcase> <!-- myTest1 -->
  <testcase name="myTest2" time="1.002" classname="a02_keywordTest.InvocationTimeOutTest"/>
</testsuite> <!-- a02_keywordTest.InvocationTimeOutTest -->
