<?xml version="1.0" encoding="UTF-8"?>
<!-- Generated by org.testng.reporters.JUnitReportReporter -->
<testsuite skipped="0" hostname="LAPTOP-91C2J4K6" name="a01_annotationTest.ParameterTest" tests="1" failures="0" timestamp="20 Jun 2022 11:01:02 GMT" time="5.235" errors="0">
  <testcase name="login" time="5.235" classname="a01_annotationTest.ParameterTest"/>
</testsuite> <!-- a01_annotationTest.ParameterTest -->
